<?xml version="1.0" encoding="UTF-8"?>
<!-- Generated by org.testng.reporters.JUnitXMLReporter -->
<testsuite hostname="Hamzas-MacBook-Pro.local" ignored="0" name="Default test" tests="4" failures="0" timestamp="2020-08-05T06:26:41 CDT" time="27.479" errors="0">
  <testcase name="getPageTitleTest" time="0.068" classname="com.qa.hotelscom.test.FiveStarsTest"/>
  <testcase name="setStarsAndDistanceTest" time="2.871" classname="com.qa.hotelscom.test.FiveStarsTest"/>
  <testcase name="scrollDownTest" time="9.051" classname="com.qa.hotelscom.test.FiveStarsTest"/>
  <testcase name="listHotelsTest" time="0.258" classname="com.qa.hotelscom.test.FiveStarsTest"/>
</testsuite> <!-- Default test -->
